<?xml version="1.0" encoding="UTF-8"?>
<!-- Generated by org.testng.reporters.JUnitReportReporter -->
<testsuite skipped="0" hostname="DESKTOP-UETT37V" name="com.crm.qa.testcases.HomePageTest" tests="2" failures="0" timestamp="14 Oct 2019 11:16:03 GMT" time="35.019" errors="0">
  <testcase name="homePageTitleTest" time="12.435" classname="com.crm.qa.testcases.HomePageTest"/>
  <testcase name="verifyCreateLeadLink" time="22.584" classname="com.crm.qa.testcases.HomePageTest"/>
</testsuite> <!-- com.crm.qa.testcases.HomePageTest -->
