<?xml version="1.0" encoding="UTF-8"?>
<!-- Generated by org.testng.reporters.JUnitReportReporter -->
<testsuite skipped="0" hostname="DESKTOP-UETT37V" name="com.crm.qa.testcases.SaintGobain" tests="1" failures="0" timestamp="12 Oct 2019 07:04:16 GMT" time="42.056" errors="0">
  <testcase name="loginTest" time="42.056" classname="com.crm.qa.testcases.SaintGobain"/>
</testsuite> <!-- com.crm.qa.testcases.SaintGobain -->
