<?xml version="1.0" encoding="UTF-8"?>
<!-- Generated by org.testng.reporters.JUnitReportReporter -->
<testsuite skipped="0" hostname="DESKTOP-UETT37V" name="com.crm.qa.testcases.CreateLeadPageTest" tests="2" failures="0" timestamp="12 Oct 2019 16:06:21 GMT" time="58.914" errors="0">
  <testcase name="validateCreateNewContact" time="23.606" classname="com.crm.qa.testcases.CreateLeadPageTest"/>
  <testcase name="validateCreateNewContact" time="35.308" classname="com.crm.qa.testcases.CreateLeadPageTest"/>
</testsuite> <!-- com.crm.qa.testcases.CreateLeadPageTest -->
