<?xml version="1.0" encoding="UTF-8"?>
<!-- Generated by org.testng.reporters.JUnitReportReporter -->
<testsuite skipped="0" hostname="DESKTOP-UETT37V" name="com.crm.qa.testcases.LoginPageTest" tests="3" failures="0" timestamp="11 Oct 2019 16:23:44 GMT" time="31.770" errors="0">
  <testcase name="loginPageTitleTest" time="7.361" classname="com.crm.qa.testcases.LoginPageTest"/>
  <testcase name="crmLogoImageTest" time="7.489" classname="com.crm.qa.testcases.LoginPageTest"/>
  <testcase name="loginTest" time="16.920" classname="com.crm.qa.testcases.LoginPageTest"/>
</testsuite> <!-- com.crm.qa.testcases.LoginPageTest -->
