<?xml version="1.0" encoding="UTF-8"?>
<!-- Generated by org.testng.reporters.JUnitReportReporter -->
<testsuite skipped="0" hostname="DESKTOP-UETT37V" name="com.crm.qa.testcases.HomePageTest" tests="2" failures="0" timestamp="14 Oct 2019 07:44:57 GMT" time="30.996" errors="0">
  <testcase name="verifyCreateLeadLink" time="17.757" classname="com.crm.qa.testcases.HomePageTest"/>
  <testcase name="homePageTitleTest" time="13.239" classname="com.crm.qa.testcases.HomePageTest"/>
</testsuite> <!-- com.crm.qa.testcases.HomePageTest -->
